============================= test session starts ==============================
platform linux -- Python 3.10.16, pytest-8.3.4, pluggy-1.5.0 -- /usr/local/bin/python3.10
cachedir: .pytest_cache
rootdir: /app
collecting ... collected 57 items

tests/bullet_test.py::TestBullet::test_initialization PASSED             [  1%]
tests/bullet_test.py::TestBullet::test_update_movement PASSED            [  3%]
tests/bullet_test.py::TestBullet::test_movement_with_different_speeds PASSED [  5%]
tests/bullet_test.py::TestBullet::test_boundary_values PASSED            [  7%]
tests/enemy_test.py::TestEnemy::test_initialization PASSED               [  8%]
tests/enemy_test.py::TestEnemy::test_direction_change PASSED             [ 10%]
tests/enemy_test.py::TestEnemy::test_update_with_bounds PASSED           [ 12%]
tests/enemy_test.py::TestEnemy::test_update_with_down_movement PASSED    [ 14%]
tests/enemy_test.py::TestEnemy::test_fire_mechanism PASSED               [ 15%]
tests/enemy_test.py::TestEnemy::test_movement_towards PASSED             [ 17%]
tests/enemy_test.py::TestEnemy::test_inheritance PASSED                  [ 19%]
tests/explosion_test.py::TestExplosion::test_initialization PASSED       [ 21%]
tests/explosion_test.py::TestExplosion::test_update_before_delay PASSED  [ 22%]
tests/explosion_test.py::TestExplosion::test_update_animation_sequence PASSED [ 24%]
tests/explosion_test.py::TestExplosion::test_timer_reset PASSED          [ 26%]
tests/explosion_test.py::TestExplosion::test_kill_at_animation_end PASSED [ 28%]
tests/explosion_test.py::TestExplosion::test_variable_delays PASSED      [ 29%]
tests/ff_test.py::TestGame::test_create_player_plane PASSED              [ 31%]
tests/ff_test.py::TestGame::test_draw_text PASSED                        [ 33%]
tests/ff_test.py::TestGame::test_player_movement PASSED                  [ 35%]
tests/ff_test.py::TestGame::test_player_movement_without_borders PASSED  [ 36%]
tests/ff_test.py::TestGame::test_player_movement_with_borders PASSED     [ 38%]
tests/health_bar_test.py::TestHealthBar::test_initialization PASSED      [ 40%]
tests/health_bar_test.py::TestHealthBar::test_health_decrease_animation PASSED [ 42%]
tests/health_bar_test.py::TestHealthBar::test_death_handling PASSED      [ 43%]
tests/health_bar_test.py::TestHealthBar::test_image_creation PASSED      [ 45%]
tests/health_bar_test.py::TestHealthBar::test_rect_positioning PASSED    [ 47%]
tests/health_bar_test.py::TestHealthBar::test_multiple_damage_instances PASSED [ 49%]
tests/health_bar_test.py::TestHealthBar::test_no_health_increase PASSED  [ 50%]
tests/horde_test.py::test_initialization PASSED                          [ 52%]
tests/horde_test.py::test_activate PASSED                                [ 54%]
tests/horde_test.py::test_deactivate PASSED                              [ 56%]
tests/horde_test.py::test_render_line PASSED                             [ 57%]
tests/horde_test.py::test_interval_default PASSED                        [ 59%]
tests/horde_test.py::test_interval_custom PASSED                         [ 61%]
tests/map_test.py::TestMap::test_initialization PASSED                   [ 63%]
tests/map_test.py::TestMap::test_map_control PASSED                      [ 64%]
tests/map_test.py::TestMap::test_horde_generation PASSED                 [ 66%]
tests/map_test.py::TestMap::test_next_horde_iteration PASSED             [ 68%]
tests/map_test.py::TestMap::test_horde_uniqueness PASSED                 [ 70%]
tests/map_test.py::TestMap::test_formation_assignment PASSED             [ 71%]
tests/mixer_test.py::TestMixer::test_initialization PASSED               [ 73%]
tests/mixer_test.py::TestMixer::test_play_music PASSED                   [ 75%]
tests/mixer_test.py::TestMixer::test_stop_music PASSED                   [ 77%]
tests/mixer_test.py::TestMixer::test_play_single_sound PASSED            [ 78%]
tests/mixer_test.py::TestMixer::test_play_random_sound PASSED            [ 80%]
tests/mixer_test.py::TestMixer::test_handle_event PASSED                 [ 82%]
tests/mixer_test.py::TestMixer::test_handle_other_event PASSED           [ 84%]
tests/plane_test.py::TestPlane::test_initialization PASSED               [ 85%]
tests/plane_test.py::TestPlane::test_fire_mechanism PASSED               [ 87%]
tests/plane_test.py::TestPlane::test_damage_system PASSED                [ 89%]
tests/plane_test.py::TestPlane::test_sprite_management PASSED            [ 91%]
tests/sprite_test.py::TestSprite::test_initialization PASSED             [ 92%]
tests/sprite_test.py::TestSprite::test_image_extraction PASSED           [ 94%]
tests/sprite_test.py::TestSprite::test_rect_initialization PASSED        [ 96%]
tests/sprite_test.py::TestSprite::test_colorkey_setting PASSED           [ 98%]
tests/sprite_test.py::TestSprite::test_spritesheet_dimensions PASSED     [100%]

============================== 57 passed in 1.47s ==============================
